{"/Users/cfaber/Sites/cesar-oliveira-web/src/components/If/index.tsx": {"path":"/Users/cfaber/Sites/cesar-oliveira-web/src/components/If/index.tsx","statementMap":{"0":{"start":{"line":9,"column":11},"end":{"line":11,"column":1}},"1":{"start":{"line":10,"column":2},"end":{"line":10,"column":50}}},"fnMap":{"0":{"name":"(anonymous_0)","decl":{"start":{"line":9,"column":11},"end":{"line":9,"column":12}},"loc":{"start":{"line":9,"column":74},"end":{"line":11,"column":1}},"line":9}},"branchMap":{"0":{"loc":{"start":{"line":10,"column":12},"end":{"line":10,"column":45}},"type":"cond-expr","locations":[{"start":{"line":10,"column":24},"end":{"line":10,"column":32}},{"start":{"line":10,"column":35},"end":{"line":10,"column":45}}],"line":10}},"s":{"0":1,"1":2},"f":{"0":2},"b":{"0":[1,1]},"_coverageSchema":"1a1c01bbd47fc00a2c39e90264f33305004495a9","hash":"73f08a43e05bab84744b554252f0c7299fc09ed2"}
,"/Users/cfaber/Sites/cesar-oliveira-web/src/utils/index.ts": {"path":"/Users/cfaber/Sites/cesar-oliveira-web/src/utils/index.ts","statementMap":{"0":{"start":{"line":1,"column":40},"end":{"line":13,"column":1}},"1":{"start":{"line":2,"column":22},"end":{"line":10,"column":14}},"2":{"start":{"line":4,"column":6},"end":{"line":8,"column":7}},"3":{"start":{"line":5,"column":8},"end":{"line":5,"column":61}},"4":{"start":{"line":7,"column":8},"end":{"line":7,"column":55}},"5":{"start":{"line":12,"column":2},"end":{"line":12,"column":21}}},"fnMap":{"0":{"name":"(anonymous_0)","decl":{"start":{"line":1,"column":40},"end":{"line":1,"column":41}},"loc":{"start":{"line":1,"column":68},"end":{"line":13,"column":1}},"line":1},"1":{"name":"(anonymous_1)","decl":{"start":{"line":3,"column":9},"end":{"line":3,"column":10}},"loc":{"start":{"line":3,"column":25},"end":{"line":9,"column":5}},"line":3}},"branchMap":{"0":{"loc":{"start":{"line":4,"column":6},"end":{"line":8,"column":7}},"type":"if","locations":[{"start":{"line":4,"column":6},"end":{"line":8,"column":7}},{"start":{"line":6,"column":13},"end":{"line":8,"column":7}}],"line":4}},"s":{"0":1,"1":1,"2":3,"3":1,"4":2,"5":1},"f":{"0":1,"1":3},"b":{"0":[1,2]},"_coverageSchema":"1a1c01bbd47fc00a2c39e90264f33305004495a9","hash":"76c291a11497ee55750c4ded293e44226b6db5cb"}
}
