{"/Users/cfaber/Sites/cesar-oliveira-web/src/components/index.ts": {"path":"/Users/cfaber/Sites/cesar-oliveira-web/src/components/index.ts","statementMap":{},"fnMap":{},"branchMap":{},"s":{},"f":{},"b":{},"_coverageSchema":"1a1c01bbd47fc00a2c39e90264f33305004495a9","hash":"fc6bbf282ba4719ba8ec4b4290c4d1a0740e2e09"}
,"/Users/cfaber/Sites/cesar-oliveira-web/src/components/If/index.tsx": {"path":"/Users/cfaber/Sites/cesar-oliveira-web/src/components/If/index.tsx","statementMap":{"0":{"start":{"line":8,"column":11},"end":{"line":10,"column":1}},"1":{"start":{"line":9,"column":2},"end":{"line":9,"column":50}}},"fnMap":{"0":{"name":"(anonymous_0)","decl":{"start":{"line":8,"column":11},"end":{"line":8,"column":12}},"loc":{"start":{"line":8,"column":74},"end":{"line":10,"column":1}},"line":8}},"branchMap":{"0":{"loc":{"start":{"line":9,"column":12},"end":{"line":9,"column":45}},"type":"cond-expr","locations":[{"start":{"line":9,"column":24},"end":{"line":9,"column":32}},{"start":{"line":9,"column":35},"end":{"line":9,"column":45}}],"line":9}},"s":{"0":2,"1":5},"f":{"0":5},"b":{"0":[1,4]},"_coverageSchema":"1a1c01bbd47fc00a2c39e90264f33305004495a9","hash":"6043ac2bb50e0aba416a864954fe47b010cf06f8"}
,"/Users/cfaber/Sites/cesar-oliveira-web/src/components/Loader/index.tsx": {"path":"/Users/cfaber/Sites/cesar-oliveira-web/src/components/Loader/index.tsx","statementMap":{"0":{"start":{"line":7,"column":15},"end":{"line":59,"column":1}},"1":{"start":{"line":8,"column":36},"end":{"line":8,"column":59}},"2":{"start":{"line":9,"column":40},"end":{"line":9,"column":64}},"3":{"start":{"line":11,"column":58},"end":{"line":16,"column":3}},"4":{"start":{"line":13,"column":6},"end":{"line":13,"column":26}},"5":{"start":{"line":18,"column":25},"end":{"line":37,"column":3}},"6":{"start":{"line":19,"column":33},"end":{"line":29,"column":5}},"7":{"start":{"line":30,"column":20},"end":{"line":30,"column":21}},"8":{"start":{"line":31,"column":4},"end":{"line":36,"column":10}},"9":{"start":{"line":32,"column":6},"end":{"line":35,"column":14}},"10":{"start":{"line":33,"column":8},"end":{"line":33,"column":33}},"11":{"start":{"line":34,"column":8},"end":{"line":34,"column":48}},"12":{"start":{"line":34,"column":34},"end":{"line":34,"column":48}},"13":{"start":{"line":39,"column":2},"end":{"line":43,"column":5}},"14":{"start":{"line":40,"column":4},"end":{"line":42,"column":6}},"15":{"start":{"line":41,"column":6},"end":{"line":41,"column":37}},"16":{"start":{"line":45,"column":2},"end":{"line":47,"column":9}},"17":{"start":{"line":46,"column":4},"end":{"line":46,"column":21}},"18":{"start":{"line":49,"column":2},"end":{"line":58,"column":4}}},"fnMap":{"0":{"name":"(anonymous_0)","decl":{"start":{"line":7,"column":15},"end":{"line":7,"column":16}},"loc":{"start":{"line":7,"column":41},"end":{"line":59,"column":1}},"line":7},"1":{"name":"(anonymous_1)","decl":{"start":{"line":12,"column":4},"end":{"line":12,"column":5}},"loc":{"start":{"line":12,"column":16},"end":{"line":14,"column":5}},"line":12},"2":{"name":"(anonymous_2)","decl":{"start":{"line":18,"column":25},"end":{"line":18,"column":26}},"loc":{"start":{"line":18,"column":37},"end":{"line":37,"column":3}},"line":18},"3":{"name":"loopIt","decl":{"start":{"line":31,"column":14},"end":{"line":31,"column":20}},"loc":{"start":{"line":31,"column":30},"end":{"line":36,"column":5}},"line":31},"4":{"name":"(anonymous_4)","decl":{"start":{"line":32,"column":17},"end":{"line":32,"column":18}},"loc":{"start":{"line":32,"column":35},"end":{"line":35,"column":7}},"line":32},"5":{"name":"(anonymous_5)","decl":{"start":{"line":39,"column":12},"end":{"line":39,"column":13}},"loc":{"start":{"line":39,"column":18},"end":{"line":43,"column":3}},"line":39},"6":{"name":"(anonymous_6)","decl":{"start":{"line":40,"column":11},"end":{"line":40,"column":12}},"loc":{"start":{"line":40,"column":23},"end":{"line":42,"column":5}},"line":40},"7":{"name":"(anonymous_7)","decl":{"start":{"line":45,"column":12},"end":{"line":45,"column":13}},"loc":{"start":{"line":45,"column":24},"end":{"line":47,"column":3}},"line":45}},"branchMap":{"0":{"loc":{"start":{"line":34,"column":8},"end":{"line":34,"column":48}},"type":"if","locations":[{"start":{"line":34,"column":8},"end":{"line":34,"column":48}},{"start":{},"end":{}}],"line":34}},"s":{"0":1,"1":1,"2":1,"3":1,"4":0,"5":1,"6":1,"7":1,"8":1,"9":1,"10":0,"11":0,"12":0,"13":1,"14":1,"15":1,"16":1,"17":1,"18":1},"f":{"0":1,"1":0,"2":1,"3":1,"4":0,"5":1,"6":1,"7":1},"b":{"0":[0,0]},"_coverageSchema":"1a1c01bbd47fc00a2c39e90264f33305004495a9","hash":"0ccc67b232cc61252e0db66b379ed512b647301f"}
,"/Users/cfaber/Sites/cesar-oliveira-web/src/components/Pagination/index.tsx": {"path":"/Users/cfaber/Sites/cesar-oliveira-web/src/components/Pagination/index.tsx","statementMap":{"0":{"start":{"line":20,"column":19},"end":{"line":60,"column":1}},"1":{"start":{"line":24,"column":38},"end":{"line":24,"column":67}},"2":{"start":{"line":25,"column":52},"end":{"line":25,"column":61}},"3":{"start":{"line":27,"column":19},"end":{"line":40,"column":3}},"4":{"start":{"line":28,"column":4},"end":{"line":28,"column":36}},"5":{"start":{"line":29,"column":25},"end":{"line":32,"column":6}},"6":{"start":{"line":34,"column":4},"end":{"line":39,"column":7}},"7":{"start":{"line":42,"column":2},"end":{"line":59,"column":4}},"8":{"start":{"line":47,"column":23},"end":{"line":47,"column":41}},"9":{"start":{"line":53,"column":23},"end":{"line":53,"column":41}}},"fnMap":{"0":{"name":"(anonymous_0)","decl":{"start":{"line":20,"column":19},"end":{"line":20,"column":20}},"loc":{"start":{"line":23,"column":22},"end":{"line":60,"column":1}},"line":23},"1":{"name":"(anonymous_1)","decl":{"start":{"line":27,"column":19},"end":{"line":27,"column":20}},"loc":{"start":{"line":27,"column":61},"end":{"line":40,"column":3}},"line":27},"2":{"name":"(anonymous_2)","decl":{"start":{"line":47,"column":17},"end":{"line":47,"column":18}},"loc":{"start":{"line":47,"column":23},"end":{"line":47,"column":41}},"line":47},"3":{"name":"(anonymous_3)","decl":{"start":{"line":53,"column":17},"end":{"line":53,"column":18}},"loc":{"start":{"line":53,"column":23},"end":{"line":53,"column":41}},"line":53}},"branchMap":{"0":{"loc":{"start":{"line":21,"column":2},"end":{"line":21,"column":19}},"type":"default-arg","locations":[{"start":{"line":21,"column":13},"end":{"line":21,"column":19}}],"line":21},"1":{"loc":{"start":{"line":22,"column":2},"end":{"line":22,"column":19}},"type":"default-arg","locations":[{"start":{"line":22,"column":13},"end":{"line":22,"column":19}}],"line":22}},"s":{"0":2,"1":1,"2":1,"3":1,"4":0,"5":0,"6":0,"7":1,"8":0,"9":0},"f":{"0":1,"1":0,"2":0,"3":0},"b":{"0":[1],"1":[1]},"_coverageSchema":"1a1c01bbd47fc00a2c39e90264f33305004495a9","hash":"52b16f88fb7b4ab627ec33f0b74aa5b2794003e3"}
,"/Users/cfaber/Sites/cesar-oliveira-web/src/components/Result/index.tsx": {"path":"/Users/cfaber/Sites/cesar-oliveira-web/src/components/Result/index.tsx","statementMap":{"0":{"start":{"line":15,"column":15},"end":{"line":82,"column":1}},"1":{"start":{"line":16,"column":38},"end":{"line":16,"column":67}},"2":{"start":{"line":17,"column":61},"end":{"line":17,"column":70}},"3":{"start":{"line":19,"column":2},"end":{"line":81,"column":4}},"4":{"start":{"line":46,"column":22},"end":{"line":62,"column":24}}},"fnMap":{"0":{"name":"(anonymous_0)","decl":{"start":{"line":15,"column":15},"end":{"line":15,"column":16}},"loc":{"start":{"line":15,"column":41},"end":{"line":82,"column":1}},"line":15},"1":{"name":"(anonymous_1)","decl":{"start":{"line":45,"column":31},"end":{"line":45,"column":32}},"loc":{"start":{"line":45,"column":68},"end":{"line":63,"column":21}},"line":45}},"branchMap":{"0":{"loc":{"start":{"line":27,"column":25},"end":{"line":27,"column":50}},"type":"binary-expr","locations":[{"start":{"line":27,"column":25},"end":{"line":27,"column":30}},{"start":{"line":27,"column":34},"end":{"line":27,"column":50}}],"line":27},"1":{"loc":{"start":{"line":57,"column":29},"end":{"line":59,"column":50}},"type":"cond-expr","locations":[{"start":{"line":58,"column":32},"end":{"line":58,"column":37}},{"start":{"line":59,"column":32},"end":{"line":59,"column":50}}],"line":57},"2":{"loc":{"start":{"line":70,"column":25},"end":{"line":70,"column":61}},"type":"binary-expr","locations":[{"start":{"line":70,"column":25},"end":{"line":70,"column":30}},{"start":{"line":70,"column":34},"end":{"line":70,"column":52}},{"start":{"line":70,"column":56},"end":{"line":70,"column":61}}],"line":70}},"s":{"0":1,"1":1,"2":1,"3":1,"4":0},"f":{"0":1,"1":0},"b":{"0":[1,1],"1":[0,0],"2":[1,1,1]},"_coverageSchema":"1a1c01bbd47fc00a2c39e90264f33305004495a9","hash":"c43f4a987bfcbccfff598d402c1f8e56b74a002b"}
,"/Users/cfaber/Sites/cesar-oliveira-web/src/components/Search/index.tsx": {"path":"/Users/cfaber/Sites/cesar-oliveira-web/src/components/Search/index.tsx","statementMap":{"0":{"start":{"line":12,"column":15},"end":{"line":62,"column":1}},"1":{"start":{"line":13,"column":61},"end":{"line":13,"column":77}},"2":{"start":{"line":15,"column":48},"end":{"line":15,"column":58}},"3":{"start":{"line":17,"column":2},"end":{"line":61,"column":4}},"4":{"start":{"line":51,"column":25},"end":{"line":51,"column":37}}},"fnMap":{"0":{"name":"(anonymous_0)","decl":{"start":{"line":12,"column":15},"end":{"line":12,"column":16}},"loc":{"start":{"line":12,"column":64},"end":{"line":62,"column":1}},"line":12},"1":{"name":"(anonymous_1)","decl":{"start":{"line":51,"column":19},"end":{"line":51,"column":20}},"loc":{"start":{"line":51,"column":25},"end":{"line":51,"column":37}},"line":51}},"branchMap":{"0":{"loc":{"start":{"line":36,"column":11},"end":{"line":36,"column":43}},"type":"cond-expr","locations":[{"start":{"line":36,"column":32},"end":{"line":36,"column":36}},{"start":{"line":36,"column":39},"end":{"line":36,"column":43}}],"line":36},"1":{"loc":{"start":{"line":55,"column":17},"end":{"line":55,"column":75}},"type":"cond-expr","locations":[{"start":{"line":55,"column":39},"end":{"line":55,"column":55}},{"start":{"line":55,"column":58},"end":{"line":55,"column":75}}],"line":55},"2":{"loc":{"start":{"line":57,"column":11},"end":{"line":57,"column":44}},"type":"cond-expr","locations":[{"start":{"line":57,"column":33},"end":{"line":57,"column":37}},{"start":{"line":57,"column":40},"end":{"line":57,"column":44}}],"line":57}},"s":{"0":2,"1":6,"2":6,"3":6,"4":0},"f":{"0":6,"1":0},"b":{"0":[5,1],"1":[6,0],"2":[6,0]},"_coverageSchema":"1a1c01bbd47fc00a2c39e90264f33305004495a9","hash":"af5873bd08dc489e1a59eb9d8eda6dd9f4d78e90"}
,"/Users/cfaber/Sites/cesar-oliveira-web/src/components/Search/useSearch.ts": {"path":"/Users/cfaber/Sites/cesar-oliveira-web/src/components/Search/useSearch.ts","statementMap":{"0":{"start":{"line":17,"column":18},"end":{"line":85,"column":1}},"1":{"start":{"line":24,"column":21},"end":{"line":29,"column":4}},"2":{"start":{"line":31,"column":46},"end":{"line":52,"column":3}},"3":{"start":{"line":34,"column":39},"end":{"line":34,"column":43}},"4":{"start":{"line":36,"column":4},"end":{"line":36,"column":36}},"5":{"start":{"line":37,"column":33},"end":{"line":42,"column":6}},"6":{"start":{"line":44,"column":4},"end":{"line":51,"column":9}},"7":{"start":{"line":54,"column":23},"end":{"line":69,"column":3}},"8":{"start":{"line":55,"column":4},"end":{"line":55,"column":23}},"9":{"start":{"line":56,"column":19},"end":{"line":56,"column":47}},"10":{"start":{"line":58,"column":34},"end":{"line":62,"column":6}},"11":{"start":{"line":64,"column":4},"end":{"line":68,"column":7}},"12":{"start":{"line":71,"column":21},"end":{"line":82,"column":3}},"13":{"start":{"line":72,"column":34},"end":{"line":76,"column":6}},"14":{"start":{"line":78,"column":4},"end":{"line":81,"column":7}},"15":{"start":{"line":84,"column":2},"end":{"line":84,"column":60}}},"fnMap":{"0":{"name":"(anonymous_0)","decl":{"start":{"line":17,"column":18},"end":{"line":17,"column":19}},"loc":{"start":{"line":23,"column":24},"end":{"line":85,"column":1}},"line":23},"1":{"name":"(anonymous_1)","decl":{"start":{"line":31,"column":46},"end":{"line":31,"column":47}},"loc":{"start":{"line":33,"column":22},"end":{"line":52,"column":3}},"line":33},"2":{"name":"(anonymous_2)","decl":{"start":{"line":54,"column":23},"end":{"line":54,"column":24}},"loc":{"start":{"line":54,"column":49},"end":{"line":69,"column":3}},"line":54},"3":{"name":"(anonymous_3)","decl":{"start":{"line":71,"column":21},"end":{"line":71,"column":22}},"loc":{"start":{"line":71,"column":33},"end":{"line":82,"column":3}},"line":71}},"branchMap":{"0":{"loc":{"start":{"line":44,"column":4},"end":{"line":51,"column":8}},"type":"binary-expr","locations":[{"start":{"line":44,"column":4},"end":{"line":44,"column":16}},{"start":{"line":45,"column":6},"end":{"line":51,"column":8}}],"line":44}},"s":{"0":2,"1":6,"2":6,"3":0,"4":0,"5":0,"6":0,"7":6,"8":0,"9":0,"10":0,"11":0,"12":6,"13":0,"14":0,"15":6},"f":{"0":6,"1":0,"2":0,"3":0},"b":{"0":[0,0]},"_coverageSchema":"1a1c01bbd47fc00a2c39e90264f33305004495a9","hash":"494f3f71a70fa50bd1d6c3457f496c6fc79072c4"}
,"/Users/cfaber/Sites/cesar-oliveira-web/src/contexts/index.tsx": {"path":"/Users/cfaber/Sites/cesar-oliveira-web/src/contexts/index.tsx","statementMap":{},"fnMap":{},"branchMap":{},"s":{},"f":{},"b":{},"_coverageSchema":"1a1c01bbd47fc00a2c39e90264f33305004495a9","hash":"ce33da475bc683becefc06d2ad7831bf96c13010"}
,"/Users/cfaber/Sites/cesar-oliveira-web/src/contexts/searching.tsx": {"path":"/Users/cfaber/Sites/cesar-oliveira-web/src/contexts/searching.tsx","statementMap":{"0":{"start":{"line":39,"column":39},"end":{"line":49,"column":1}},"1":{"start":{"line":44,"column":22},"end":{"line":44,"column":26}},"2":{"start":{"line":52,"column":2},"end":{"line":52,"column":53}},"3":{"start":{"line":54,"column":17},"end":{"line":68,"column":1}},"4":{"start":{"line":57,"column":27},"end":{"line":57,"column":49}},"5":{"start":{"line":59,"column":23},"end":{"line":61,"column":3}},"6":{"start":{"line":60,"column":4},"end":{"line":60,"column":43}},"7":{"start":{"line":63,"column":2},"end":{"line":67,"column":4}}},"fnMap":{"0":{"name":"(anonymous_0)","decl":{"start":{"line":44,"column":16},"end":{"line":44,"column":17}},"loc":{"start":{"line":44,"column":22},"end":{"line":44,"column":26}},"line":44},"1":{"name":"(anonymous_1)","decl":{"start":{"line":54,"column":17},"end":{"line":54,"column":18}},"loc":{"start":{"line":56,"column":51},"end":{"line":68,"column":1}},"line":56},"2":{"name":"(anonymous_2)","decl":{"start":{"line":59,"column":23},"end":{"line":59,"column":24}},"loc":{"start":{"line":59,"column":49},"end":{"line":61,"column":3}},"line":59}},"branchMap":{},"s":{"0":2,"1":0,"2":2,"3":2,"4":0,"5":0,"6":0,"7":0},"f":{"0":0,"1":0,"2":0},"b":{},"_coverageSchema":"1a1c01bbd47fc00a2c39e90264f33305004495a9","hash":"cf43e7f03aef2edb308d267ebc78d3d3d11b6a7d"}
,"/Users/cfaber/Sites/cesar-oliveira-web/src/pages/404.tsx": {"path":"/Users/cfaber/Sites/cesar-oliveira-web/src/pages/404.tsx","statementMap":{"0":{"start":{"line":4,"column":17},"end":{"line":21,"column":1}},"1":{"start":{"line":5,"column":2},"end":{"line":20,"column":4}}},"fnMap":{"0":{"name":"(anonymous_0)","decl":{"start":{"line":4,"column":17},"end":{"line":4,"column":18}},"loc":{"start":{"line":4,"column":43},"end":{"line":21,"column":1}},"line":4}},"branchMap":{},"s":{"0":1,"1":1},"f":{"0":1},"b":{},"_coverageSchema":"1a1c01bbd47fc00a2c39e90264f33305004495a9","hash":"7c00e02221f7f4901ca40f3588272b13f07ca823"}
,"/Users/cfaber/Sites/cesar-oliveira-web/src/pages/index.tsx": {"path":"/Users/cfaber/Sites/cesar-oliveira-web/src/pages/index.tsx","statementMap":{"0":{"start":{"line":10,"column":13},"end":{"line":42,"column":1}},"1":{"start":{"line":11,"column":27},"end":{"line":11,"column":56}},"2":{"start":{"line":13,"column":51},"end":{"line":13,"column":67}},"3":{"start":{"line":15,"column":2},"end":{"line":41,"column":4}}},"fnMap":{"0":{"name":"(anonymous_0)","decl":{"start":{"line":10,"column":13},"end":{"line":10,"column":14}},"loc":{"start":{"line":10,"column":39},"end":{"line":42,"column":1}},"line":10}},"branchMap":{"0":{"loc":{"start":{"line":20,"column":13},"end":{"line":20,"column":73}},"type":"cond-expr","locations":[{"start":{"line":20,"column":27},"end":{"line":20,"column":55}},{"start":{"line":20,"column":58},"end":{"line":20,"column":73}}],"line":20}},"s":{"0":1,"1":1,"2":1,"3":1},"f":{"0":1},"b":{"0":[0,1]},"_coverageSchema":"1a1c01bbd47fc00a2c39e90264f33305004495a9","hash":"2e9731c7e97a6e3442d7842aacd9f429caa09aa9"}
,"/Users/cfaber/Sites/cesar-oliveira-web/src/services/index.ts": {"path":"/Users/cfaber/Sites/cesar-oliveira-web/src/services/index.ts","statementMap":{"0":{"start":{"line":26,"column":17},"end":{"line":62,"column":1}},"1":{"start":{"line":27,"column":48},"end":{"line":27,"column":55}},"2":{"start":{"line":29,"column":46},"end":{"line":34,"column":3}},"3":{"start":{"line":36,"column":22},"end":{"line":36,"column":65}},"4":{"start":{"line":38,"column":16},"end":{"line":40,"column":3}},"5":{"start":{"line":42,"column":25},"end":{"line":42,"column":43}},"6":{"start":{"line":44,"column":2},"end":{"line":54,"column":3}},"7":{"start":{"line":45,"column":4},"end":{"line":53,"column":7}},"8":{"start":{"line":56,"column":16},"end":{"line":56,"column":41}},"9":{"start":{"line":57,"column":41},"end":{"line":59,"column":3}},"10":{"start":{"line":58,"column":4},"end":{"line":58,"column":43}},"11":{"start":{"line":61,"column":2},"end":{"line":61,"column":60}},"12":{"start":{"line":64,"column":18},"end":{"line":77,"column":1}},"13":{"start":{"line":65,"column":19},"end":{"line":65,"column":29}},"14":{"start":{"line":66,"column":34},"end":{"line":74,"column":4}},"15":{"start":{"line":67,"column":25},"end":{"line":67,"column":40}},"16":{"start":{"line":69,"column":4},"end":{"line":73,"column":5}},"17":{"start":{"line":70,"column":6},"end":{"line":70,"column":54}},"18":{"start":{"line":72,"column":6},"end":{"line":72,"column":54}},"19":{"start":{"line":76,"column":2},"end":{"line":76,"column":23}}},"fnMap":{"0":{"name":"(anonymous_0)","decl":{"start":{"line":26,"column":17},"end":{"line":26,"column":18}},"loc":{"start":{"line":26,"column":73},"end":{"line":62,"column":1}},"line":26},"1":{"name":"(anonymous_1)","decl":{"start":{"line":57,"column":52},"end":{"line":57,"column":53}},"loc":{"start":{"line":58,"column":4},"end":{"line":58,"column":43}},"line":58},"2":{"name":"(anonymous_2)","decl":{"start":{"line":64,"column":18},"end":{"line":64,"column":19}},"loc":{"start":{"line":64,"column":71},"end":{"line":77,"column":1}},"line":64},"3":{"name":"(anonymous_3)","decl":{"start":{"line":66,"column":48},"end":{"line":66,"column":49}},"loc":{"start":{"line":66,"column":67},"end":{"line":74,"column":3}},"line":66}},"branchMap":{"0":{"loc":{"start":{"line":33,"column":11},"end":{"line":33,"column":41}},"type":"cond-expr","locations":[{"start":{"line":33,"column":27},"end":{"line":33,"column":32}},{"start":{"line":33,"column":35},"end":{"line":33,"column":41}}],"line":33},"1":{"loc":{"start":{"line":44,"column":2},"end":{"line":54,"column":3}},"type":"if","locations":[{"start":{"line":44,"column":2},"end":{"line":54,"column":3}},{"start":{},"end":{}}],"line":44},"2":{"loc":{"start":{"line":69,"column":4},"end":{"line":73,"column":5}},"type":"if","locations":[{"start":{"line":69,"column":4},"end":{"line":73,"column":5}},{"start":{"line":71,"column":11},"end":{"line":73,"column":5}}],"line":69}},"s":{"0":4,"1":0,"2":0,"3":0,"4":0,"5":0,"6":0,"7":0,"8":0,"9":0,"10":0,"11":0,"12":4,"13":2,"14":2,"15":2,"16":2,"17":1,"18":1,"19":2},"f":{"0":0,"1":0,"2":2,"3":2},"b":{"0":[0,0],"1":[0,0],"2":[1,1]},"_coverageSchema":"1a1c01bbd47fc00a2c39e90264f33305004495a9","hash":"3cb48a8b87ef3c9e7db4a167194f6e6f638f2023"}
,"/Users/cfaber/Sites/cesar-oliveira-web/src/utils/index.ts": {"path":"/Users/cfaber/Sites/cesar-oliveira-web/src/utils/index.ts","statementMap":{"0":{"start":{"line":1,"column":40},"end":{"line":13,"column":1}},"1":{"start":{"line":2,"column":22},"end":{"line":10,"column":14}},"2":{"start":{"line":4,"column":6},"end":{"line":8,"column":7}},"3":{"start":{"line":5,"column":8},"end":{"line":5,"column":61}},"4":{"start":{"line":7,"column":8},"end":{"line":7,"column":55}},"5":{"start":{"line":12,"column":2},"end":{"line":12,"column":21}}},"fnMap":{"0":{"name":"(anonymous_0)","decl":{"start":{"line":1,"column":40},"end":{"line":1,"column":41}},"loc":{"start":{"line":1,"column":68},"end":{"line":13,"column":1}},"line":1},"1":{"name":"(anonymous_1)","decl":{"start":{"line":3,"column":9},"end":{"line":3,"column":10}},"loc":{"start":{"line":3,"column":25},"end":{"line":9,"column":5}},"line":3}},"branchMap":{"0":{"loc":{"start":{"line":4,"column":6},"end":{"line":8,"column":7}},"type":"if","locations":[{"start":{"line":4,"column":6},"end":{"line":8,"column":7}},{"start":{"line":6,"column":13},"end":{"line":8,"column":7}}],"line":4}},"s":{"0":5,"1":1,"2":3,"3":1,"4":2,"5":1},"f":{"0":1,"1":3},"b":{"0":[1,2]},"_coverageSchema":"1a1c01bbd47fc00a2c39e90264f33305004495a9","hash":"76c291a11497ee55750c4ded293e44226b6db5cb"}
}
