TN:
SF:src/components/If/index.tsx
FN:9,(anonymous_0)
FNF:1
FNH:1
FNDA:2,(anonymous_0)
DA:9,1
DA:10,2
LF:2
LH:2
BRDA:10,0,0,1
BRDA:10,0,1,1
BRF:2
BRH:2
end_of_record
TN:
SF:src/components/Pagination/index.tsx
FN:12,(anonymous_0)
FN:16,(anonymous_1)
FN:36,(anonymous_2)
FN:42,(anonymous_3)
FNF:4
FNH:1
FNDA:1,(anonymous_0)
FNDA:0,(anonymous_1)
FNDA:0,(anonymous_2)
FNDA:0,(anonymous_3)
DA:12,1
DA:13,1
DA:14,1
DA:16,1
DA:17,0
DA:18,0
DA:23,0
DA:31,1
DA:36,0
DA:42,0
LF:10
LH:5
BRF:0
BRH:0
end_of_record
TN:
SF:src/contexts/index.tsx
FNF:0
FNH:0
LF:0
LH:0
BRF:0
BRH:0
end_of_record
TN:
SF:src/contexts/searching.tsx
FN:44,(anonymous_0)
FN:53,(anonymous_1)
FN:56,(anonymous_2)
FNF:3
FNH:0
FNDA:0,(anonymous_0)
FNDA:0,(anonymous_1)
FNDA:0,(anonymous_2)
DA:39,1
DA:44,0
DA:51,1
DA:53,1
DA:54,0
DA:56,0
DA:57,0
DA:60,0
LF:8
LH:3
BRF:0
BRH:0
end_of_record
TN:
SF:src/services/index.ts
FN:26,(anonymous_0)
FN:57,(anonymous_1)
FN:64,(anonymous_2)
FN:66,(anonymous_3)
FNF:4
FNH:0
FNDA:0,(anonymous_0)
FNDA:0,(anonymous_1)
FNDA:0,(anonymous_2)
FNDA:0,(anonymous_3)
DA:26,1
DA:27,0
DA:29,0
DA:36,0
DA:38,0
DA:42,0
DA:44,0
DA:45,0
DA:56,0
DA:57,0
DA:58,0
DA:61,0
DA:64,1
DA:65,0
DA:66,0
DA:67,0
DA:69,0
DA:70,0
DA:72,0
DA:76,0
LF:20
LH:2
BRDA:33,0,0,0
BRDA:33,0,1,0
BRDA:44,1,0,0
BRDA:44,1,1,0
BRDA:69,2,0,0
BRDA:69,2,1,0
BRF:6
BRH:0
end_of_record
TN:
SF:src/utils/index.ts
FN:1,(anonymous_0)
FN:3,(anonymous_1)
FNF:2
FNH:2
FNDA:1,(anonymous_0)
FNDA:3,(anonymous_1)
DA:1,2
DA:2,1
DA:4,3
DA:5,1
DA:7,2
DA:12,1
LF:6
LH:6
BRDA:4,0,0,1
BRDA:4,0,1,2
BRF:2
BRH:2
end_of_record
