TN:
SF:src/components/If/index.tsx
FN:8,(anonymous_0)
FNF:1
FNH:1
FNDA:2,(anonymous_0)
DA:8,1
DA:9,2
LF:2
LH:2
BRDA:9,0,0,1
BRDA:9,0,1,1
BRF:2
BRH:2
end_of_record
TN:
SF:src/components/Pagination/index.tsx
FN:17,(anonymous_0)
FN:24,(anonymous_1)
FN:44,(anonymous_2)
FN:50,(anonymous_3)
FNF:4
FNH:1
FNDA:1,(anonymous_0)
FNDA:0,(anonymous_1)
FNDA:0,(anonymous_2)
FNDA:0,(anonymous_3)
DA:17,1
DA:21,1
DA:22,1
DA:24,1
DA:25,0
DA:26,0
DA:31,0
DA:39,1
DA:44,0
DA:50,0
LF:10
LH:5
BRDA:18,0,0,1
BRDA:19,1,0,1
BRF:2
BRH:2
end_of_record
TN:
SF:src/components/Search/index.tsx
FN:20,(anonymous_0)
FN:30,(anonymous_1)
FN:53,(anonymous_2)
FN:70,(anonymous_3)
FN:117,(anonymous_4)
FNF:5
FNH:1
FNDA:5,(anonymous_0)
FNDA:0,(anonymous_1)
FNDA:0,(anonymous_2)
FNDA:0,(anonymous_3)
FNDA:0,(anonymous_4)
DA:20,1
DA:21,5
DA:23,5
DA:30,5
DA:33,0
DA:35,0
DA:36,0
DA:43,0
DA:53,5
DA:54,0
DA:55,0
DA:57,0
DA:63,0
DA:70,5
DA:71,0
DA:77,0
DA:83,5
DA:117,0
LF:18
LH:7
BRDA:43,0,0,0
BRDA:43,0,1,0
BRDA:102,1,0,4
BRDA:102,1,1,1
BRDA:121,2,0,5
BRDA:121,2,1,0
BRDA:123,3,0,5
BRDA:123,3,1,0
BRF:8
BRH:4
end_of_record
TN:
SF:src/contexts/index.tsx
FNF:0
FNH:0
LF:0
LH:0
BRF:0
BRH:0
end_of_record
TN:
SF:src/contexts/searching.tsx
FN:44,(anonymous_0)
FN:54,(anonymous_1)
FN:57,(anonymous_2)
FNF:3
FNH:0
FNDA:0,(anonymous_0)
FNDA:0,(anonymous_1)
FNDA:0,(anonymous_2)
DA:39,1
DA:44,0
DA:52,1
DA:54,1
DA:55,0
DA:57,0
DA:58,0
DA:61,0
LF:8
LH:3
BRF:0
BRH:0
end_of_record
TN:
SF:src/services/index.ts
FN:26,(anonymous_0)
FN:57,(anonymous_1)
FN:64,(anonymous_2)
FN:66,(anonymous_3)
FNF:4
FNH:2
FNDA:0,(anonymous_0)
FNDA:0,(anonymous_1)
FNDA:2,(anonymous_2)
FNDA:2,(anonymous_3)
DA:26,3
DA:27,0
DA:29,0
DA:36,0
DA:38,0
DA:42,0
DA:44,0
DA:45,0
DA:56,0
DA:57,0
DA:58,0
DA:61,0
DA:64,3
DA:65,2
DA:66,2
DA:67,2
DA:69,2
DA:70,1
DA:72,1
DA:76,2
LF:20
LH:9
BRDA:33,0,0,0
BRDA:33,0,1,0
BRDA:44,1,0,0
BRDA:44,1,1,0
BRDA:69,2,0,1
BRDA:69,2,1,1
BRF:6
BRH:2
end_of_record
TN:
SF:src/utils/index.ts
FN:1,(anonymous_0)
FN:3,(anonymous_1)
FNF:2
FNH:2
FNDA:1,(anonymous_0)
FNDA:3,(anonymous_1)
DA:1,4
DA:2,1
DA:4,3
DA:5,1
DA:7,2
DA:12,1
LF:6
LH:6
BRDA:4,0,0,1
BRDA:4,0,1,2
BRF:2
BRH:2
end_of_record
